<?xml version="1.0" encoding="UTF-8"?>
<!-- Generated by org.testng.reporters.JUnitXMLReporter -->
<testsuite ignored="0" hostname="DESKTOP-6F8ABUR" failures="1" tests="1" name="ECommerceTests" time="125.226" errors="0" timestamp="2025-08-28T16:20:17 IST">
  <testcase classname="tests.LoginTest" name="testValidLogin" time="8.427">
    <failure type="java.lang.AssertionError" message="Login might have failed expected [true] but found [false]">
      <![CDATA[java.lang.AssertionError: Login might have failed expected [true] but found [false]
at tests.LoginTest.testValidLogin(LoginTest.java:17)
at java.base/java.util.ArrayList.forEach(ArrayList.java:1596)
... Removed 28 stack frames]]>
    </failure>
  </testcase> <!-- testValidLogin -->
</testsuite> <!-- ECommerceTests -->
