<?xml version="1.0" encoding="UTF-8"?>
<testng-results ignored="0" total="1" passed="1" failed="0" skipped="0">
  <reporter-output>
  </reporter-output>
  <suite started-at="2025-08-28T20:29:49 IST" name="AutomationSuite" finished-at="2025-08-28T20:30:20 IST" duration-ms="31402">
    <groups>
    </groups>
    <test started-at="2025-08-28T20:29:49 IST" name="ECommerceTests" finished-at="2025-08-28T20:30:20 IST" duration-ms="31402">
      <class name="tests.SignUpLoginTest">
        <test-method is-config="true" signature="setup()[pri:0, instance:tests.SignUpLoginTest@477b4cdf]" started-at="2025-08-28T20:29:49 IST" name="setup" finished-at="2025-08-28T20:29:57 IST" duration-ms="8565" status="PASS">
          <reporter-output>
          </reporter-output>
        </test-method> <!-- setup -->
        <test-method signature="testRegisterUser()[pri:0, instance:tests.SignUpLoginTest@477b4cdf]" started-at="2025-08-28T20:29:57 IST" name="testRegisterUser" finished-at="2025-08-28T20:30:20 IST" duration-ms="22722" status="PASS">
          <reporter-output>
          </reporter-output>
        </test-method> <!-- testRegisterUser -->
        <test-method is-config="true" signature="tearDown()[pri:0, instance:tests.SignUpLoginTest@477b4cdf]" started-at="2025-08-28T20:30:20 IST" name="tearDown" finished-at="2025-08-28T20:30:20 IST" duration-ms="1" status="PASS">
          <reporter-output>
          </reporter-output>
        </test-method> <!-- tearDown -->
      </class> <!-- tests.SignUpLoginTest -->
    </test> <!-- ECommerceTests -->
  </suite> <!-- AutomationSuite -->
</testng-results>
